textscap/app/build/intermediates/manifest_merge_blame_file/debug/manifest-merger-blame-debug-report.txt
1<?xml version="1.0" encoding="utf-8"?>
2<manifest xmlns:android="http://schemas.android.com/apk/res/android"
3    package="com.dbcts.textskap"
4    android:versionCode="1"
5    android:versionName="1.0" >
6
7    <uses-sdk
8        android:minSdkVersion="26"
8-->src/main/AndroidManifest.xml
9        android:targetSdkVersion="31" />
9-->src/main/AndroidManifest.xml
10
11    <uses-permission android:name="android.permission.INTERNET" />
11-->src/main/AndroidManifest.xml:5:5-67
11-->src/main/AndroidManifest.xml:5:22-64
12    <uses-permission android:name="android.permission.ACCESS_NETWORK_STATE" />
12-->[com.google.firebase:firebase-auth:21.0.1] AndroidManifest.xml:24:5-79
12-->[com.google.firebase:firebase-auth:21.0.1] AndroidManifest.xml:24:22-76
13    <uses-permission android:name="android.permission.WAKE_LOCK" />
13-->[com.google.android.gms:play-services-measurement-api:20.0.0] AndroidManifest.xml:24:5-68
13-->[com.google.android.gms:play-services-measurement-api:20.0.0] AndroidManifest.xml:24:22-65
14    <uses-permission android:name="com.google.android.finsky.permission.BIND_GET_INSTALL_REFERRER_SERVICE" />
14-->[com.google.android.gms:play-services-measurement:20.0.0] AndroidManifest.xml:26:5-110
14-->[com.google.android.gms:play-services-measurement:20.0.0] AndroidManifest.xml:26:22-107
15
16    <application
16-->src/main/AndroidManifest.xml:7:5-41:19
17        android:allowBackup="true"
17-->src/main/AndroidManifest.xml:8:9-35
18        android:appComponentFactory="androidx.core.app.CoreComponentFactory"
18-->[androidx.core:core:1.7.0] AndroidManifest.xml:24:18-86
19        android:debuggable="true"
20        android:extractNativeLibs="false"
21        android:icon="@mipmap/ic_launcher"
21-->src/main/AndroidManifest.xml:9:9-43
22        android:label="@string/app_name"
22-->src/main/AndroidManifest.xml:10:9-41
23        android:roundIcon="@mipmap/ic_launcher_round"
23-->src/main/AndroidManifest.xml:11:9-54
24        android:supportsRtl="true"
24-->src/main/AndroidManifest.xml:12:9-35
25        android:testOnly="true"
26        android:theme="@style/Theme.TextSkap" >
26-->src/main/AndroidManifest.xml:13:9-46
27        <activity
27-->src/main/AndroidManifest.xml:14:9-16:40
28            android:name="com.dbcts.textskap.LogInScreen"
28-->src/main/AndroidManifest.xml:15:13-40
29            android:exported="false" />
29-->src/main/AndroidManifest.xml:16:13-37
30        <activity
30-->src/main/AndroidManifest.xml:17:9-19:40
31            android:name="com.dbcts.textskap.RegistrationScreen"
31-->src/main/AndroidManifest.xml:18:13-47
32            android:exported="false" />
32-->src/main/AndroidManifest.xml:19:13-37
33        <activity
33-->src/main/AndroidManifest.xml:20:9-24:70
34            android:name="com.dbcts.textskap.ChatActivity"
34-->src/main/AndroidManifest.xml:21:13-41
35            android:exported="false"
35-->src/main/AndroidManifest.xml:22:13-37
36            android:screenOrientation="portrait"
36-->src/main/AndroidManifest.xml:23:13-49
37            android:windowSoftInputMode="stateHidden|adjustResize" />
37-->src/main/AndroidManifest.xml:24:13-67
38        <activity
38-->src/main/AndroidManifest.xml:25:9-29:70
39            android:name="com.dbcts.textskap.MainActivity"
39-->src/main/AndroidManifest.xml:26:13-41
40            android:exported="false"
40-->src/main/AndroidManifest.xml:27:13-37
41            android:screenOrientation="portrait"
41-->src/main/AndroidManifest.xml:28:13-49
42            android:windowSoftInputMode="stateHidden|adjustResize" />
42-->src/main/AndroidManifest.xml:29:13-67
43        <activity
43-->src/main/AndroidManifest.xml:30:9-40:20
44            android:name="com.dbcts.textskap.FlashScreen"
44-->src/main/AndroidManifest.xml:31:13-40
45            android:exported="true"
45-->src/main/AndroidManifest.xml:32:13-36
46            android:screenOrientation="portrait"
46-->src/main/AndroidManifest.xml:33:13-49
47            android:windowSoftInputMode="stateHidden|adjustResize" >
47-->src/main/AndroidManifest.xml:34:13-67
48            <intent-filter>
48-->src/main/AndroidManifest.xml:35:13-39:29
49                <action android:name="android.intent.action.MAIN" />
49-->src/main/AndroidManifest.xml:36:17-69
49-->src/main/AndroidManifest.xml:36:25-66
50
51                <category android:name="android.intent.category.LAUNCHER" />
51-->src/main/AndroidManifest.xml:38:17-77
51-->src/main/AndroidManifest.xml:38:27-74
52            </intent-filter>
53        </activity>
54        <activity
54-->[com.google.firebase:firebase-auth:21.0.1] AndroidManifest.xml:27:9-44:20
55            android:name="com.google.firebase.auth.internal.GenericIdpActivity"
55-->[com.google.firebase:firebase-auth:21.0.1] AndroidManifest.xml:28:13-80
56            android:excludeFromRecents="true"
56-->[com.google.firebase:firebase-auth:21.0.1] AndroidManifest.xml:29:13-46
57            android:exported="true"
57-->[com.google.firebase:firebase-auth:21.0.1] AndroidManifest.xml:30:13-36
58            android:launchMode="singleTask"
58-->[com.google.firebase:firebase-auth:21.0.1] AndroidManifest.xml:31:13-44
59            android:theme="@android:style/Theme.Translucent.NoTitleBar" >
59-->[com.google.firebase:firebase-auth:21.0.1] AndroidManifest.xml:32:13-72
60            <intent-filter>
60-->[com.google.firebase:firebase-auth:21.0.1] AndroidManifest.xml:33:13-43:29
61                <action android:name="android.intent.action.VIEW" />
61-->[com.google.firebase:firebase-auth:21.0.1] AndroidManifest.xml:34:17-69
61-->[com.google.firebase:firebase-auth:21.0.1] AndroidManifest.xml:34:25-66
62
63                <category android:name="android.intent.category.DEFAULT" />
63-->[com.google.firebase:firebase-auth:21.0.1] AndroidManifest.xml:36:17-76
63-->[com.google.firebase:firebase-auth:21.0.1] AndroidManifest.xml:36:27-73
64                <category android:name="android.intent.category.BROWSABLE" />
64-->[com.google.firebase:firebase-auth:21.0.1] AndroidManifest.xml:37:17-78
64-->[com.google.firebase:firebase-auth:21.0.1] AndroidManifest.xml:37:27-75
65
66                <data
66-->[com.google.firebase:firebase-auth:21.0.1] AndroidManifest.xml:39:17-42:51
67                    android:host="firebase.auth"
67-->[com.google.firebase:firebase-auth:21.0.1] AndroidManifest.xml:40:21-49
68                    android:path="/"
68-->[com.google.firebase:firebase-auth:21.0.1] AndroidManifest.xml:41:21-37
69                    android:scheme="genericidp" />
69-->[com.google.firebase:firebase-auth:21.0.1] AndroidManifest.xml:42:21-48
70            </intent-filter>
71        </activity>
72        <activity
72-->[com.google.firebase:firebase-auth:21.0.1] AndroidManifest.xml:45:9-62:20
73            android:name="com.google.firebase.auth.internal.RecaptchaActivity"
73-->[com.google.firebase:firebase-auth:21.0.1] AndroidManifest.xml:46:13-79
74            android:excludeFromRecents="true"
74-->[com.google.firebase:firebase-auth:21.0.1] AndroidManifest.xml:47:13-46
75            android:exported="true"
75-->[com.google.firebase:firebase-auth:21.0.1] AndroidManifest.xml:48:13-36
76            android:launchMode="singleTask"
76-->[com.google.firebase:firebase-auth:21.0.1] AndroidManifest.xml:49:13-44
77            android:theme="@android:style/Theme.Translucent.NoTitleBar" >
77-->[com.google.firebase:firebase-auth:21.0.1] AndroidManifest.xml:50:13-72
78            <intent-filter>
78-->[com.google.firebase:firebase-auth:21.0.1] AndroidManifest.xml:51:13-61:29
79                <action android:name="android.intent.action.VIEW" />
79-->[com.google.firebase:firebase-auth:21.0.1] AndroidManifest.xml:34:17-69
79-->[com.google.firebase:firebase-auth:21.0.1] AndroidManifest.xml:34:25-66
80
81                <category android:name="android.intent.category.DEFAULT" />
81-->[com.google.firebase:firebase-auth:21.0.1] AndroidManifest.xml:36:17-76
81-->[com.google.firebase:firebase-auth:21.0.1] AndroidManifest.xml:36:27-73
82                <category android:name="android.intent.category.BROWSABLE" />
82-->[com.google.firebase:firebase-auth:21.0.1] AndroidManifest.xml:37:17-78
82-->[com.google.firebase:firebase-auth:21.0.1] AndroidManifest.xml:37:27-75
83
84                <data
84-->[com.google.firebase:firebase-auth:21.0.1] AndroidManifest.xml:39:17-42:51
85                    android:host="firebase.auth"
85-->[com.google.firebase:firebase-auth:21.0.1] AndroidManifest.xml:40:21-49
86                    android:path="/"
86-->[com.google.firebase:firebase-auth:21.0.1] AndroidManifest.xml:41:21-37
87                    android:scheme="recaptcha" />
87-->[com.google.firebase:firebase-auth:21.0.1] AndroidManifest.xml:42:21-48
88            </intent-filter>
89        </activity>
90
91        <service
91-->[com.google.firebase:firebase-auth:21.0.1] AndroidManifest.xml:64:9-73:19
92            android:name="com.google.firebase.auth.api.fallback.service.FirebaseAuthFallbackService"
92-->[com.google.firebase:firebase-auth:21.0.1] AndroidManifest.xml:65:13-101
93            android:enabled="true"
93-->[com.google.firebase:firebase-auth:21.0.1] AndroidManifest.xml:66:13-35
94            android:exported="false" >
94-->[com.google.firebase:firebase-auth:21.0.1] AndroidManifest.xml:67:13-37
95            <intent-filter>
95-->[com.google.firebase:firebase-auth:21.0.1] AndroidManifest.xml:68:13-72:29
96                <action android:name="com.google.firebase.auth.api.gms.service.START" />
96-->[com.google.firebase:firebase-auth:21.0.1] AndroidManifest.xml:69:17-89
96-->[com.google.firebase:firebase-auth:21.0.1] AndroidManifest.xml:69:25-86
97
98                <category android:name="android.intent.category.DEFAULT" />
98-->[com.google.firebase:firebase-auth:21.0.1] AndroidManifest.xml:36:17-76
98-->[com.google.firebase:firebase-auth:21.0.1] AndroidManifest.xml:36:27-73
99            </intent-filter>
100        </service>
101        <service
101-->[com.google.firebase:firebase-auth:21.0.1] AndroidManifest.xml:74:9-80:19
102            android:name="com.google.firebase.components.ComponentDiscoveryService"
102-->[com.google.firebase:firebase-auth:21.0.1] AndroidManifest.xml:75:13-84
103            android:directBootAware="true"
103-->[com.google.firebase:firebase-common:20.0.0] AndroidManifest.xml:35:13-43
104            android:exported="false" >
104-->[com.google.firebase:firebase-auth:21.0.1] AndroidManifest.xml:76:13-37
105            <meta-data
105-->[com.google.firebase:firebase-auth:21.0.1] AndroidManifest.xml:77:13-79:85
106                android:name="com.google.firebase.components:com.google.firebase.auth.FirebaseAuthRegistrar"
106-->[com.google.firebase:firebase-auth:21.0.1] AndroidManifest.xml:78:17-109
107                android:value="com.google.firebase.components.ComponentRegistrar" />
107-->[com.google.firebase:firebase-auth:21.0.1] AndroidManifest.xml:79:17-82
108            <meta-data
108-->[com.google.firebase:firebase-database:20.0.2] AndroidManifest.xml:32:13-34:85
109                android:name="com.google.firebase.components:com.google.firebase.database.DatabaseRegistrar"
109-->[com.google.firebase:firebase-database:20.0.2] AndroidManifest.xml:33:17-109
110                android:value="com.google.firebase.components.ComponentRegistrar" />
110-->[com.google.firebase:firebase-database:20.0.2] AndroidManifest.xml:34:17-82
111            <meta-data
111-->[com.google.android.gms:play-services-measurement-api:20.0.0] AndroidManifest.xml:30:13-32:85
112                android:name="com.google.firebase.components:com.google.firebase.analytics.connector.internal.AnalyticsConnectorRegistrar"
112-->[com.google.android.gms:play-services-measurement-api:20.0.0] AndroidManifest.xml:31:17-139
113                android:value="com.google.firebase.components.ComponentRegistrar" />
113-->[com.google.android.gms:play-services-measurement-api:20.0.0] AndroidManifest.xml:32:17-82
114            <meta-data
114-->[com.google.firebase:firebase-installations:17.0.0] AndroidManifest.xml:18:13-20:85
115                android:name="com.google.firebase.components:com.google.firebase.installations.FirebaseInstallationsRegistrar"
115-->[com.google.firebase:firebase-installations:17.0.0] AndroidManifest.xml:19:17-127
116                android:value="com.google.firebase.components.ComponentRegistrar" />
116-->[com.google.firebase:firebase-installations:17.0.0] AndroidManifest.xml:20:17-82
117        </service>
118
119        <provider
119-->[com.google.firebase:firebase-common:20.0.0] AndroidManifest.xml:26:9-31:39
120            android:name="com.google.firebase.provider.FirebaseInitProvider"
120-->[com.google.firebase:firebase-common:20.0.0] AndroidManifest.xml:27:13-77
121            android:authorities="com.dbcts.textskap.firebaseinitprovider"
121-->[com.google.firebase:firebase-common:20.0.0] AndroidManifest.xml:28:13-72
122            android:directBootAware="true"
122-->[com.google.firebase:firebase-common:20.0.0] AndroidManifest.xml:29:13-43
123            android:exported="false"
123-->[com.google.firebase:firebase-common:20.0.0] AndroidManifest.xml:30:13-37
124            android:initOrder="100" />
124-->[com.google.firebase:firebase-common:20.0.0] AndroidManifest.xml:31:13-36
125
126        <activity
126-->[com.google.android.gms:play-services-base:17.1.0] AndroidManifest.xml:23:9-26:75
127            android:name="com.google.android.gms.common.api.GoogleApiActivity"
127-->[com.google.android.gms:play-services-base:17.1.0] AndroidManifest.xml:24:13-79
128            android:exported="false"
128-->[com.google.android.gms:play-services-base:17.1.0] AndroidManifest.xml:25:13-37
129            android:theme="@android:style/Theme.Translucent.NoTitleBar" />
129-->[com.google.android.gms:play-services-base:17.1.0] AndroidManifest.xml:26:13-72
130
131        <receiver
131-->[com.google.android.gms:play-services-measurement:20.0.0] AndroidManifest.xml:29:9-33:20
132            android:name="com.google.android.gms.measurement.AppMeasurementReceiver"
132-->[com.google.android.gms:play-services-measurement:20.0.0] AndroidManifest.xml:30:13-85
133            android:enabled="true"
133-->[com.google.android.gms:play-services-measurement:20.0.0] AndroidManifest.xml:31:13-35
134            android:exported="false" >
134-->[com.google.android.gms:play-services-measurement:20.0.0] AndroidManifest.xml:32:13-37
135        </receiver>
136
137        <service
137-->[com.google.android.gms:play-services-measurement:20.0.0] AndroidManifest.xml:35:9-38:40
138            android:name="com.google.android.gms.measurement.AppMeasurementService"
138-->[com.google.android.gms:play-services-measurement:20.0.0] AndroidManifest.xml:36:13-84
139            android:enabled="true"
139-->[com.google.android.gms:play-services-measurement:20.0.0] AndroidManifest.xml:37:13-35
140            android:exported="false" />
140-->[com.google.android.gms:play-services-measurement:20.0.0] AndroidManifest.xml:38:13-37
141        <service
141-->[com.google.android.gms:play-services-measurement:20.0.0] AndroidManifest.xml:39:9-43:72
142            android:name="com.google.android.gms.measurement.AppMeasurementJobService"
142-->[com.google.android.gms:play-services-measurement:20.0.0] AndroidManifest.xml:40:13-87
143            android:enabled="true"
143-->[com.google.android.gms:play-services-measurement:20.0.0] AndroidManifest.xml:41:13-35
144            android:exported="false"
144-->[com.google.android.gms:play-services-measurement:20.0.0] AndroidManifest.xml:42:13-37
145            android:permission="android.permission.BIND_JOB_SERVICE" />
145-->[com.google.android.gms:play-services-measurement:20.0.0] AndroidManifest.xml:43:13-69
146
147        <meta-data
147-->[com.google.android.gms:play-services-basement:17.1.0] AndroidManifest.xml:23:9-25:69
148            android:name="com.google.android.gms.version"
148-->[com.google.android.gms:play-services-basement:17.1.0] AndroidManifest.xml:24:13-58
149            android:value="@integer/google_play_services_version" />
149-->[com.google.android.gms:play-services-basement:17.1.0] AndroidManifest.xml:25:13-66
150
151        <provider
151-->[androidx.emoji2:emoji2:1.0.0] AndroidManifest.xml:26:9-34:20
152            android:name="androidx.startup.InitializationProvider"
152-->[androidx.emoji2:emoji2:1.0.0] AndroidManifest.xml:27:13-67
153            android:authorities="com.dbcts.textskap.androidx-startup"
153-->[androidx.emoji2:emoji2:1.0.0] AndroidManifest.xml:28:13-68
154            android:exported="false" >
154-->[androidx.emoji2:emoji2:1.0.0] AndroidManifest.xml:29:13-37
155            <meta-data
155-->[androidx.emoji2:emoji2:1.0.0] AndroidManifest.xml:31:13-33:52
156                android:name="androidx.emoji2.text.EmojiCompatInitializer"
156-->[androidx.emoji2:emoji2:1.0.0] AndroidManifest.xml:32:17-75
157                android:value="androidx.startup" />
157-->[androidx.emoji2:emoji2:1.0.0] AndroidManifest.xml:33:17-49
158            <meta-data
158-->[androidx.lifecycle:lifecycle-process:2.4.0] AndroidManifest.xml:31:13-33:52
159                android:name="androidx.lifecycle.ProcessLifecycleInitializer"
159-->[androidx.lifecycle:lifecycle-process:2.4.0] AndroidManifest.xml:32:17-78
160                android:value="androidx.startup" />
160-->[androidx.lifecycle:lifecycle-process:2.4.0] AndroidManifest.xml:33:17-49
161        </provider>
162    </application>
163
164</manifest>